131495912388288 2026-06-22 18:38:56,204 webull.core.http.initializer.client_initializer INFO _check_token_enable result is True
131495912388288 2026-06-22 18:38:56,205 webull.core.http.initializer.token.token_storage INFO storage_token uses the default configuration, conf.
131495912388288 2026-06-22 18:38:56,205 webull.core.http.initializer.token.token_storage INFO storage_token initialized path:/home/joflay/portfolio_dashboard/conf/token.txt.
131495912388288 2026-06-22 18:38:56,205 webull.core.http.initializer.token.token_storage WARNING storage_token Note: The token file already exists, the latest token configuration will be overwritten and written to the token file after successful 2FA verification. path:/home/joflay/portfolio_dashboard/conf/token.txt.
131495912388288 2026-06-22 18:38:56,205 webull.core.http.initializer.token.token_manager INFO load_token_from_local reading token from file...
131495912388288 2026-06-22 18:38:56,206 webull.core.http.initializer.token.token_manager INFO load_token_from_local read local token result. token:7cf876******1d70dd expires:1783095204134 status:NORMAL
131495912388288 2026-06-22 18:38:56,385 webull.core.http.initializer.token.token_manager INFO fetch_token_from_server create_token result. token:7cf876******1d70dd expires:1783449536346 status:NORMAL
131495912388288 2026-06-22 18:38:56,386 webull.core.http.initializer.token.token_manager INFO fetch_token_from_server create_token status is verified, no further check required, returning directly. token:7cf876******1d70dd expires:1783449536346 status:NORMAL
131495912388288 2026-06-22 18:38:56,386 webull.core.http.initializer.token.token_manager INFO save_token_to_local writing token to local file. token:7cf876******1d70dd expires:1783449536346 status:NORMAL
131495912388288 2026-06-22 18:38:56,386 webull.core.http.initializer.token.token_manager INFO save_token_to_local writing token to file completed.
131495912388288 2026-06-22 18:38:56,386 webull.core.http.initializer.token.token_manager INFO init_token finished. token:7cf876******1d70dd expires:1783449536346 status:NORMAL
131495912388288 2026-06-22 18:39:11,424 webull.core.http.initializer.client_initializer INFO _check_token_enable result is True
131495912388288 2026-06-22 18:39:11,425 webull.core.http.initializer.token.token_storage INFO storage_token uses the default configuration, conf.
131495912388288 2026-06-22 18:39:11,425 webull.core.http.initializer.token.token_storage INFO storage_token initialized path:/home/joflay/portfolio_dashboard/conf/token.txt.
131495912388288 2026-06-22 18:39:11,426 webull.core.http.initializer.token.token_storage WARNING storage_token Note: The token file already exists, the latest token configuration will be overwritten and written to the token file after successful 2FA verification. path:/home/joflay/portfolio_dashboard/conf/token.txt.
131495912388288 2026-06-22 18:39:11,426 webull.core.http.initializer.token.token_manager INFO load_token_from_local reading token from file...
131495912388288 2026-06-22 18:39:11,426 webull.core.http.initializer.token.token_manager INFO load_token_from_local read local token result. token:7cf876******1d70dd expires:1783449536346 status:NORMAL
131495912388288 2026-06-22 18:39:11,626 webull.core.http.initializer.token.token_manager INFO fetch_token_from_server create_token result. token:7cf876******1d70dd expires:1783449536346 status:NORMAL
131495912388288 2026-06-22 18:39:11,627 webull.core.http.initializer.token.token_manager INFO fetch_token_from_server create_token status is verified, no further check required, returning directly. token:7cf876******1d70dd expires:1783449536346 status:NORMAL
131495912388288 2026-06-22 18:39:11,627 webull.core.http.initializer.token.token_manager INFO save_token_to_local writing token to local file. token:7cf876******1d70dd expires:1783449536346 status:NORMAL
131495912388288 2026-06-22 18:39:11,627 webull.core.http.initializer.token.token_manager INFO save_token_to_local writing token to file completed.
131495912388288 2026-06-22 18:39:11,627 webull.core.http.initializer.token.token_manager INFO init_token finished. token:7cf876******1d70dd expires:1783449536346 status:NORMAL
131495912388288 2026-06-22 18:39:13,471 webull.core.http.initializer.client_initializer INFO _check_token_enable result is True
131495912388288 2026-06-22 18:39:13,471 webull.core.http.initializer.client_initializer INFO _check_token_enable result is True
131495912388288 2026-06-22 18:39:13,472 webull.core.http.initializer.token.token_storage INFO storage_token uses the default configuration, conf.
131495912388288 2026-06-22 18:39:13,472 webull.core.http.initializer.token.token_storage INFO storage_token uses the default configuration, conf.
131495912388288 2026-06-22 18:39:13,472 webull.core.http.initializer.token.token_storage INFO storage_token initialized path:/home/joflay/portfolio_dashboard/conf/token.txt.
131495912388288 2026-06-22 18:39:13,472 webull.core.http.initializer.token.token_storage INFO storage_token initialized path:/home/joflay/portfolio_dashboard/conf/token.txt.
131495912388288 2026-06-22 18:39:13,472 webull.core.http.initializer.token.token_storage WARNING storage_token Note: The token file already exists, the latest token configuration will be overwritten and written to the token file after successful 2FA verification. path:/home/joflay/portfolio_dashboard/conf/token.txt.
131495912388288 2026-06-22 18:39:13,472 webull.core.http.initializer.token.token_storage WARNING storage_token Note: The token file already exists, the latest token configuration will be overwritten and written to the token file after successful 2FA verification. path:/home/joflay/portfolio_dashboard/conf/token.txt.
131495912388288 2026-06-22 18:39:13,472 webull.core.http.initializer.token.token_manager INFO load_token_from_local reading token from file...
131495912388288 2026-06-22 18:39:13,472 webull.core.http.initializer.token.token_manager INFO load_token_from_local reading token from file...
131495912388288 2026-06-22 18:39:13,472 webull.core.http.initializer.token.token_manager INFO load_token_from_local read local token result. token:7cf876******1d70dd expires:1783449536346 status:NORMAL
131495912388288 2026-06-22 18:39:13,472 webull.core.http.initializer.token.token_manager INFO load_token_from_local read local token result. token:7cf876******1d70dd expires:1783449536346 status:NORMAL
131495912388288 2026-06-22 18:39:13,625 webull.core.http.initializer.token.token_manager INFO fetch_token_from_server create_token result. token:7cf876******1d70dd expires:1783449536346 status:NORMAL
131495912388288 2026-06-22 18:39:13,625 webull.core.http.initializer.token.token_manager INFO fetch_token_from_server create_token result. token:7cf876******1d70dd expires:1783449536346 status:NORMAL
131495912388288 2026-06-22 18:39:13,626 webull.core.http.initializer.token.token_manager INFO fetch_token_from_server create_token status is verified, no further check required, returning directly. token:7cf876******1d70dd expires:1783449536346 status:NORMAL
131495912388288 2026-06-22 18:39:13,626 webull.core.http.initializer.token.token_manager INFO fetch_token_from_server create_token status is verified, no further check required, returning directly. token:7cf876******1d70dd expires:1783449536346 status:NORMAL
131495912388288 2026-06-22 18:39:13,626 webull.core.http.initializer.token.token_manager INFO save_token_to_local writing token to local file. token:7cf876******1d70dd expires:1783449536346 status:NORMAL
131495912388288 2026-06-22 18:39:13,626 webull.core.http.initializer.token.token_manager INFO save_token_to_local writing token to local file. token:7cf876******1d70dd expires:1783449536346 status:NORMAL
131495912388288 2026-06-22 18:39:13,626 webull.core.http.initializer.token.token_manager INFO save_token_to_local writing token to file completed.
131495912388288 2026-06-22 18:39:13,626 webull.core.http.initializer.token.token_manager INFO save_token_to_local writing token to file completed.
131495912388288 2026-06-22 18:39:13,626 webull.core.http.initializer.token.token_manager INFO init_token finished. token:7cf876******1d70dd expires:1783449536346 status:NORMAL
131495912388288 2026-06-22 18:39:13,626 webull.core.http.initializer.token.token_manager INFO init_token finished. token:7cf876******1d70dd expires:1783449536346 status:NORMAL
